
[36m[watch][0m MAS Web Components Watcher
  Build: enabled
  Refresh: enabled
  Serve: enabled (port 9113)
  Debounce: 300ms

[35m[aem][0m Starting AEM dev server on http://localhost:9113...
[36m[watch][0m AEM will auto-reload when dist/ changes
[36m[watch][0m Watching src/**/*.js for changes...

[90mPress Ctrl+C to stop[0m

(node:41281) [DEP0190] DeprecationWarning: Passing args to a child process with shell option true can lead to security vulnerabilities, as the arguments are not escaped, only concatenated.
(Use `node --trace-deprecation ...` to show where the warning was created)
[35m[aem][0m     ___    ________  ___                          __      __ v16.16.27
[35m[aem][0m    /   |  / ____/  |/  /  _____(_)___ ___  __  __/ /___ _/ /_____  _____
[35m[aem][0m   / /| | / __/ / /|_/ /  / ___/ / __ `__ \/ / / / / __ `/ __/ __ \/ ___/
[35m[aem][0m  / ___ |/ /___/ /  / /  (__  ) / / / / / / /_/ / / /_/ / /_/ /_/ / /
[35m[aem][0m /_/  |_/_____/_/  /_/  /____/_/_/ /_/ /_/\__,_/_/\__,_/\__/\____/_/
[35m[aem][0m info: Starting AEM dev server v16.16.27
[35m[aem][0m info: Local AEM dev server up and running: http://localhost:9113/
[35m[aem][0m info: Enabled reverse proxy to https://main--mas--adobe-ai-pod.aem.page
[35m[aem][0m opening default browser: http://localhost:9113/
[35m[aem][0m warn: [0] Proxy GET request to https://main--mas--adobe-ai-pod.aem.page/: 404 (text/plain)
